<?xml version="1.0" encoding="UTF-8"?>
<!-- Generated by org.testng.reporters.JUnitXMLReporter -->
<testsuite hostname="hp" ignored="0" name="Test" tests="3" failures="0" timestamp="23 Feb 2017 01:59:26 GMT" time="67.846" errors="0">
  <testcase name="clickOnMyAccount" time="4.951" classname="testcases.VerifyHomePage"/>
  <testcase name="doLogin" time="7.096" classname="testcases.VerifyLoginPage"/>
  <testcase name="doLogin" time="13.12" classname="testcases.VerifyLogOutPage"/>
</testsuite> <!-- Test -->
